<?xml version="1.0" encoding="UTF-8"?>
<!-- Generated by org.testng.reporters.JUnitReportReporter -->
<testsuite hostname="DESKTOP-OTT9B6M" failures="0" tests="2" name="Test1" time="16.392" errors="0" timestamp="2023-03-22T00:57:55 EEST" skipped="0">
  <testcase classname="Test1" name="A" time="12.623"/>
  <system-out/>
  <testcase classname="Test1" name="G" time="3.769"/>
  <system-out/>
</testsuite> <!-- Test1 -->
