<?xml version="1.0" encoding="UTF-8"?>
<!-- Generated by org.testng.reporters.JUnitReportReporter -->
<testsuite hostname="DESKTOP-OTT9B6M" failures="0" tests="5" name="SEARCH_RANDOMLY" time="14.935" errors="0" timestamp="2023-03-15T18:14:24 EEST" skipped="0">
  <testcase classname="SEARCH_RANDOMLY" name="search_RANDOMLY" time="4.636"/>
  <system-out/>
  <testcase classname="SEARCH_RANDOMLY" name="search_RANDOMLY" time="5.643"/>
  <system-out/>
  <testcase classname="SEARCH_RANDOMLY" name="search_RANDOMLY" time="1.333"/>
  <system-out/>
  <testcase classname="SEARCH_RANDOMLY" name="search_RANDOMLY" time="1.714"/>
  <system-out/>
  <testcase classname="SEARCH_RANDOMLY" name="search_RANDOMLY" time="1.609"/>
  <system-out/>
</testsuite> <!-- SEARCH_RANDOMLY -->
