<?xml version="1.0" encoding="UTF-8"?>
<!-- Generated by org.testng.reporters.JUnitReportReporter -->
<testsuite hostname="DESKTOP-OTT9B6M" failures="0" tests="1" name="Sign_in" time="15.620" errors="0" timestamp="2023-03-15T17:08:46 EEST" skipped="0">
  <testcase classname="Sign_in" name="SIGNUP" time="15.620"/>
  <system-out/>
</testsuite> <!-- Sign_in -->
